Total messages: 27 (Errors: 26, Warnings: 1)
Returning 30 messages for level "error"

[ERROR] Failed to load resource: the server responded with a status of 404 (File not found) @ http://localhost:8080/favicon.ico:0
[ERROR] Failed to load resource: the server responded with a status of 404 () @ https://ameyades1.github.io/favicon.ico:0
[ERROR] Failed to load resource: the server responded with a status of 404 () @ https://ameyades1.github.io/mahadaanwebsite/css/footer.css:0
[ERROR] Failed to load resource: the server responded with a status of 404 () @ https://ameyades1.github.io/mahadaanwebsite/css/navbar.css:0
[ERROR] Failed to load resource: the server responded with a status of 404 () @ https://ameyades1.github.io/mahadaanwebsite/css/navbar.css:0
[ERROR] Failed to load resource: the server responded with a status of 404 () @ https://ameyades1.github.io/mahadaanwebsite/css/footer.css:0
TypeError: Cannot read properties of null (reading 'classList')
    at https://ameyades1.github.io/mahadaanwebsite/js/main.js:29:17
TypeError: Cannot read properties of null (reading 'classList')
    at https://ameyades1.github.io/mahadaanwebsite/js/main.js:29:17
TypeError: Cannot read properties of null (reading 'classList')
    at https://ameyades1.github.io/mahadaanwebsite/js/main.js:29:17
TypeError: Cannot read properties of null (reading 'classList')
    at https://ameyades1.github.io/mahadaanwebsite/js/main.js:27:17
TypeError: Cannot read properties of null (reading 'classList')
    at https://ameyades1.github.io/mahadaanwebsite/js/main.js:27:17
TypeError: Cannot read properties of null (reading 'classList')
    at https://ameyades1.github.io/mahadaanwebsite/js/main.js:27:17
TypeError: Cannot read properties of null (reading 'classList')
    at https://ameyades1.github.io/mahadaanwebsite/js/main.js:27:17
TypeError: Cannot read properties of null (reading 'classList')
    at https://ameyades1.github.io/mahadaanwebsite/js/main.js:27:17
TypeError: Cannot read properties of null (reading 'classList')
    at https://ameyades1.github.io/mahadaanwebsite/js/main.js:27:17
TypeError: Cannot read properties of null (reading 'classList')
    at https://ameyades1.github.io/mahadaanwebsite/js/main.js:27:17
TypeError: Cannot read properties of null (reading 'classList')
    at https://ameyades1.github.io/mahadaanwebsite/js/main.js:27:17
TypeError: Cannot read properties of null (reading 'classList')
    at https://ameyades1.github.io/mahadaanwebsite/js/main.js:27:17
TypeError: Cannot read properties of null (reading 'classList')
    at https://ameyades1.github.io/mahadaanwebsite/js/main.js:27:17
TypeError: Cannot read properties of null (reading 'classList')
    at https://ameyades1.github.io/mahadaanwebsite/js/main.js:27:17
TypeError: Cannot read properties of null (reading 'classList')
    at https://ameyades1.github.io/mahadaanwebsite/js/main.js:27:17
TypeError: Cannot read properties of null (reading 'classList')
    at https://ameyades1.github.io/mahadaanwebsite/js/main.js:27:17
TypeError: Cannot read properties of null (reading 'classList')
    at https://ameyades1.github.io/mahadaanwebsite/js/main.js:27:17
TypeError: Cannot read properties of null (reading 'classList')
    at https://ameyades1.github.io/mahadaanwebsite/js/main.js:27:17
TypeError: Cannot read properties of null (reading 'classList')
    at https://ameyades1.github.io/mahadaanwebsite/js/main.js:27:17
TypeError: Cannot read properties of null (reading 'classList')
    at https://ameyades1.github.io/mahadaanwebsite/js/main.js:27:17
TypeError: Cannot read properties of null (reading 'classList')
    at https://ameyades1.github.io/mahadaanwebsite/js/main.js:27:17
TypeError: Cannot read properties of null (reading 'classList')
    at https://ameyades1.github.io/mahadaanwebsite/js/main.js:27:17
TypeError: Cannot read properties of null (reading 'classList')
    at https://ameyades1.github.io/mahadaanwebsite/js/main.js:27:17
TypeError: Cannot read properties of null (reading 'classList')
    at https://ameyades1.github.io/mahadaanwebsite/js/main.js:27:17